2020-02-04 00:00:45.949  INFO 16040 --- [XNIO-1 task-14] l.server.player.AudioLoaderRestHandler   : GET /loadtracks
2020-02-04 00:00:46.630  INFO 16040 --- [lava-daemon-pool-info-loader-2-thread-1] lavalink.server.player.AudioLoader       : Loaded playlist Search results for: Nightcore - Xanax - (Lyrics)
2020-02-04 00:00:56.306  INFO 16040 --- [XNIO-1 I/O-6] lavalink.server.io.SocketServer          : Connection closed from /127.0.0.1:64437 -- CloseStatus[code=1006, reason=]
2020-02-04 00:00:56.306  INFO 16040 --- [XNIO-1 I/O-6] lavalink.server.io.SocketContext         : Shutting down 0 playing players.
2020-02-04 00:00:56.308  INFO 16040 --- [XNIO-1 I/O-6] c.s.d.l.tools.GarbageCollectionMonitor   : GC monitoring disabled.
2020-02-04 00:01:01.213  INFO 16040 --- [XNIO-1 task-16] l.server.io.HandshakeInterceptorImpl     : Incoming connection from /127.0.0.1:64524
2020-02-04 00:01:01.216  INFO 16040 --- [XNIO-1 task-16] c.s.d.l.tools.GarbageCollectionMonitor   : GC monitoring enabled, reporting results every 2 minutes.
2020-02-04 00:01:01.220  INFO 16040 --- [XNIO-1 task-16] lavalink.server.io.SocketServer          : Connection successfully established from /127.0.0.1:64524
2020-02-04 00:01:03.095  INFO 16040 --- [XNIO-1 task-17] l.server.player.AudioLoaderRestHandler   : GET /loadtracks
2020-02-04 00:01:03.738  INFO 16040 --- [lava-daemon-pool-info-loader-2-thread-1] lavalink.server.player.AudioLoader       : Loaded playlist Search results for: Nightcore - Xanax - (Lyrics)
2020-02-04 00:01:03.746  INFO 16040 --- [XNIO-1 I/O-5] lavalink.server.io.SocketServer          : {"op":"play","guildId":"639956040565129227","track":"QAAAewIAHE5pZ2h0Y29yZSAtIFhhbmF4IC0gKEx5cmljcykABVNpbm9uAAAAAAACo8gAC0dqZEpaWnVfVVRRAAEAK2h0dHBzOi8vd3d3LnlvdXR1YmUuY29tL3dhdGNoP3Y9R2pkSlpadV9VVFEAB3lvdXR1YmUAAAAAAAAAAA=="}
2020-02-04 00:01:03.978  INFO 16040 --- [XNIO-1 I/O-5] lavalink.server.io.SocketServer          : {"op":"voiceUpdate","guildId":"639956040565129227","sessionId":"7d010e0dafa0d9dac2568d6de5e3e0f3","event":{"token":"78a89dbf911632d9","guild_id":"639956040565129227","endpoint":"eu-central536.discord.media:80"}}
2020-02-04 00:03:56.958  INFO 16040 --- [XNIO-1 I/O-5] lavalink.server.io.SocketServer          : {"op":"destroy","guildId":"639956040565129227"}
2020-02-04 00:04:01.301  INFO 16040 --- [XNIO-1 task-19] l.server.player.AudioLoaderRestHandler   : GET /loadtracks
2020-02-04 00:04:01.982  INFO 16040 --- [lava-daemon-pool-info-loader-2-thread-1] lavalink.server.player.AudioLoader       : Loaded playlist Search results for: Nightcore - Xanax - (Lyrics)
2020-02-04 00:04:01.988  INFO 16040 --- [XNIO-1 I/O-5] lavalink.server.io.SocketServer          : {"op":"play","guildId":"639956040565129227","track":"QAAAewIAHE5pZ2h0Y29yZSAtIFhhbmF4IC0gKEx5cmljcykABVNpbm9uAAAAAAACo8gAC0dqZEpaWnVfVVRRAAEAK2h0dHBzOi8vd3d3LnlvdXR1YmUuY29tL3dhdGNoP3Y9R2pkSlpadV9VVFEAB3lvdXR1YmUAAAAAAAAAAA=="}
2020-02-04 00:04:02.179  INFO 16040 --- [XNIO-1 I/O-5] lavalink.server.io.SocketServer          : {"op":"voiceUpdate","guildId":"639956040565129227","sessionId":"7d010e0dafa0d9dac2568d6de5e3e0f3","event":{"token":"b0e8b86002d10e91","guild_id":"639956040565129227","endpoint":"eu-central536.discord.media:80"}}
2020-02-04 00:05:06.524  INFO 16040 --- [XNIO-1 I/O-5] lavalink.server.io.SocketServer          : Connection closed from /127.0.0.1:64524 -- CloseStatus[code=1006, reason=]
2020-02-04 00:05:06.525  INFO 16040 --- [XNIO-1 I/O-5] lavalink.server.io.SocketContext         : Shutting down 1 playing players.
2020-02-04 00:05:06.526  INFO 16040 --- [XNIO-1 I/O-5] c.s.d.l.tools.GarbageCollectionMonitor   : GC monitoring disabled.
2020-02-04 00:05:06.533  WARN 16040 --- [lava-daemon-pool-playback-257-thread-1] c.s.d.l.t.p.LocalAudioTrackExecutor      : Suspicious exception for playback of GjdJZZu_UTQ

com.sedmelluq.discord.lavaplayer.tools.FriendlyException: The track was unexpectedly terminated.
	at com.sedmelluq.discord.lavaplayer.track.playback.LocalAudioTrackExecutor.handlePlaybackInterrupt(LocalAudioTrackExecutor.java:334) ~[lavaplayer-1.3.32.jar!/:na]
	at com.sedmelluq.discord.lavaplayer.track.playback.LocalAudioTrackExecutor.executeProcessingLoop(LocalAudioTrackExecutor.java:278) ~[lavaplayer-1.3.32.jar!/:na]
	at com.sedmelluq.discord.lavaplayer.track.playback.LocalAudioTrackExecutor.executeProcessingLoop(LocalAudioTrackExecutor.java:236) ~[lavaplayer-1.3.32.jar!/:na]
	at com.sedmelluq.discord.lavaplayer.container.matroska.MatroskaAudioTrack.process(MatroskaAudioTrack.java:39) ~[lavaplayer-1.3.32.jar!/:na]
	at com.sedmelluq.discord.lavaplayer.track.DelegatedAudioTrack.processDelegate(DelegatedAudioTrack.java:25) ~[lavaplayer-1.3.32.jar!/:na]
	at com.sedmelluq.discord.lavaplayer.source.youtube.YoutubeAudioTrack.processStatic(YoutubeAudioTrack.java:57) ~[lavaplayer-1.3.32.jar!/:na]
	at com.sedmelluq.discord.lavaplayer.source.youtube.YoutubeAudioTrack.process(YoutubeAudioTrack.java:49) ~[lavaplayer-1.3.32.jar!/:na]
	at com.sedmelluq.discord.lavaplayer.track.playback.LocalAudioTrackExecutor.execute(LocalAudioTrackExecutor.java:91) ~[lavaplayer-1.3.32.jar!/:na]
	at com.sedmelluq.discord.lavaplayer.player.DefaultAudioPlayerManager.lambda$executeTrack$1(DefaultAudioPlayerManager.java:349) ~[lavaplayer-1.3.32.jar!/:na]
	at java.base/java.util.concurrent.ThreadPoolExecutor.runWorker(ThreadPoolExecutor.java:1128) ~[na:na]
	at java.base/java.util.concurrent.ThreadPoolExecutor$Worker.run(ThreadPoolExecutor.java:628) ~[na:na]
	at java.base/java.lang.Thread.run(Thread.java:834) ~[na:na]
Caused by: java.lang.InterruptedException: null
	at java.base/java.util.concurrent.locks.AbstractQueuedSynchronizer$ConditionObject.reportInterruptAfterWait(AbstractQueuedSynchronizer.java:2056) ~[na:na]
	at java.base/java.util.concurrent.locks.AbstractQueuedSynchronizer$ConditionObject.await(AbstractQueuedSynchronizer.java:2090) ~[na:na]
	at java.base/java.util.concurrent.ArrayBlockingQueue.put(ArrayBlockingQueue.java:367) ~[na:na]
	at com.sedmelluq.discord.lavaplayer.track.playback.AllocatingAudioFrameBuffer.consume(AllocatingAudioFrameBuffer.java:179) ~[lavaplayer-1.3.32.jar!/:na]
	at com.sedmelluq.discord.lavaplayer.container.common.OpusPacketRouter.passThrough(OpusPacketRouter.java:169) ~[lavaplayer-1.3.32.jar!/:na]
	at com.sedmelluq.discord.lavaplayer.container.common.OpusPacketRouter.process(OpusPacketRouter.java:99) ~[lavaplayer-1.3.32.jar!/:na]
	at com.sedmelluq.discord.lavaplayer.container.matroska.MatroskaOpusTrackConsumer.consume(MatroskaOpusTrackConsumer.java:47) ~[lavaplayer-1.3.32.jar!/:na]
	at com.sedmelluq.discord.lavaplayer.container.matroska.MatroskaStreamingFile.processFrameInBlock(MatroskaStreamingFile.java:372) ~[lavaplayer-1.3.32.jar!/:na]
	at com.sedmelluq.discord.lavaplayer.container.matroska.MatroskaStreamingFile.parseClusterSimpleBlock(MatroskaStreamingFile.java:336) ~[lavaplayer-1.3.32.jar!/:na]
	at com.sedmelluq.discord.lavaplayer.container.matroska.MatroskaStreamingFile.parseNextCluster(MatroskaStreamingFile.java:321) ~[lavaplayer-1.3.32.jar!/:na]
	at com.sedmelluq.discord.lavaplayer.container.matroska.MatroskaStreamingFile.provideFrames(MatroskaStreamingFile.java:297) ~[lavaplayer-1.3.32.jar!/:na]
	at com.sedmelluq.discord.lavaplayer.container.matroska.MatroskaAudioTrack.lambda$process$0(MatroskaAudioTrack.java:40) ~[lavaplayer-1.3.32.jar!/:na]
	at com.sedmelluq.discord.lavaplayer.track.playback.LocalAudioTrackExecutor.executeProcessingLoop(LocalAudioTrackExecutor.java:262) ~[lavaplayer-1.3.32.jar!/:na]
	... 10 common frames omitted

2020-02-04 00:05:18.909  INFO 7952 --- [main] lavalink.server.Launcher                 : 

[32m       .  [31m _                  _ _       _    [32m__ _ _
[32m      /\\ [31m| | __ ___   ____ _| (_)_ __ | | __[32m\ \ \ \
[32m     ( ( )[31m| |/ _` \ \ / / _` | | | '_ \| |/ /[32m \ \ \ \
[32m      \\/ [31m| | (_| |\ V / (_| | | | | | |   < [32m  ) ) ) )
[32m       '  [31m|_|\__,_| \_/ \__,_|_|_|_| |_|_|\_\[32m / / / /
[0m    =========================================[32m/_/_/_/[0m

	Version:        4f53d09491ba5254eb5c55c234a63b208388d3ef-SNAPSHOT
	Build:          965
	Build time:     28.12.2019 17:02:58 UTC
	Branch          master
	Commit:         4f53d09
	Commit time:    28.12.2019 17:00:51 UTC
	JVM:            11.0.5
	Lavaplayer      1.3.32

2020-02-04 00:05:19.021  INFO 7952 --- [main] lavalink.server.Launcher                 : Starting Launcher on Rock with PID 7952 (D:\Source\Computer Programs\Javascript\Discord\Bots\Discord.js (Stable)\Discord Bot (Music Bot)\Lavalink_Build\Lavalink.jar started by Connor in D:\Source\Computer Programs\Javascript\Discord\Bots\Discord.js (Stable)\Discord Bot (Music Bot))
2020-02-04 00:05:19.022  INFO 7952 --- [main] lavalink.server.Launcher                 : No active profile set, falling back to default profiles: default
2020-02-04 00:05:19.149  WARN 7952 --- [background-preinit] o.s.h.c.j.Jackson2ObjectMapperBuilder    : For Jackson Kotlin classes support please add "com.fasterxml.jackson.module:jackson-module-kotlin" to the classpath
2020-02-04 00:05:21.632  WARN 7952 --- [main] io.undertow.websockets.jsr               : UT026010: Buffer pool was not set on WebSocketDeploymentInfo, the default pool will be used
2020-02-04 00:05:21.665  INFO 7952 --- [main] io.undertow.servlet                      : Initializing Spring embedded WebApplicationContext
2020-02-04 00:05:21.666  INFO 7952 --- [main] o.s.web.context.ContextLoader            : Root WebApplicationContext: initialization completed in 2590 ms
2020-02-04 00:05:22.039  WARN 7952 --- [main] l.server.config.SentryConfiguration      : Turning off sentry
2020-02-04 00:05:22.052  INFO 7952 --- [main] l.s.c.AudioSendFactoryConfiguration      : OS: Windows 10, Arch: amd64
2020-02-04 00:05:22.052  INFO 7952 --- [main] l.s.c.AudioSendFactoryConfiguration      : JDA-NAS supported system detected. Enabled native audio sending.
2020-02-04 00:05:22.053  INFO 7952 --- [main] l.s.c.AudioSendFactoryConfiguration      : Setting buffer to 400ms
2020-02-04 00:05:22.053  INFO 7952 --- [main] l.s.c.AudioSendFactoryConfiguration      : Setting playlist load limit to 6
2020-02-04 00:05:22.400  INFO 7952 --- [main] c.s.d.l.tools.GarbageCollectionMonitor   : GC monitoring enabled, reporting results every 2 minutes.
2020-02-04 00:05:22.870  INFO 7952 --- [main] o.s.s.concurrent.ThreadPoolTaskExecutor  : Initializing ExecutorService 'applicationTaskExecutor'
2020-02-04 00:05:23.298  INFO 7952 --- [main] org.xnio                                 : XNIO version 3.3.8.Final
2020-02-04 00:05:23.315  INFO 7952 --- [main] org.xnio.nio                             : XNIO NIO Implementation Version 3.3.8.Final
2020-02-04 00:05:23.415  INFO 7952 --- [main] ConditionEvaluationReportLoggingListener : 

Error starting ApplicationContext. To display the conditions report re-run your application with 'debug' enabled.
2020-02-04 00:05:23.421 ERROR 7952 --- [main] lavalink.server.Launcher                 : Application failed

org.springframework.boot.web.server.PortInUseException: Port 8080 is already in use
	at org.springframework.boot.web.embedded.undertow.UndertowServletWebServer.start(UndertowServletWebServer.java:154) ~[spring-boot-2.1.8.RELEASE.jar!/:2.1.8.RELEASE]
	at org.springframework.boot.web.servlet.context.ServletWebServerApplicationContext.startWebServer(ServletWebServerApplicationContext.java:297) ~[spring-boot-2.1.8.RELEASE.jar!/:2.1.8.RELEASE]
	at org.springframework.boot.web.servlet.context.ServletWebServerApplicationContext.finishRefresh(ServletWebServerApplicationContext.java:163) ~[spring-boot-2.1.8.RELEASE.jar!/:2.1.8.RELEASE]
	at org.springframework.context.support.AbstractApplicationContext.refresh(AbstractApplicationContext.java:552) ~[spring-context-5.1.9.RELEASE.jar!/:5.1.9.RELEASE]
	at org.springframework.boot.web.servlet.context.ServletWebServerApplicationContext.refresh(ServletWebServerApplicationContext.java:141) ~[spring-boot-2.1.8.RELEASE.jar!/:2.1.8.RELEASE]
	at org.springframework.boot.SpringApplication.refresh(SpringApplication.java:744) ~[spring-boot-2.1.8.RELEASE.jar!/:2.1.8.RELEASE]
	at org.springframework.boot.SpringApplication.refreshContext(SpringApplication.java:391) ~[spring-boot-2.1.8.RELEASE.jar!/:2.1.8.RELEASE]
	at org.springframework.boot.SpringApplication.run(SpringApplication.java:312) ~[spring-boot-2.1.8.RELEASE.jar!/:2.1.8.RELEASE]
	at lavalink.server.Launcher.main(Launcher.kt:127) ~[classes!/:na]
	at java.base/jdk.internal.reflect.NativeMethodAccessorImpl.invoke0(Native Method) ~[na:na]
	at java.base/jdk.internal.reflect.NativeMethodAccessorImpl.invoke(NativeMethodAccessorImpl.java:62) ~[na:na]
	at java.base/jdk.internal.reflect.DelegatingMethodAccessorImpl.invoke(DelegatingMethodAccessorImpl.java:43) ~[na:na]
	at java.base/java.lang.reflect.Method.invoke(Method.java:566) ~[na:na]
	at org.springframework.boot.loader.MainMethodRunner.run(MainMethodRunner.java:48) ~[Lavalink.jar:na]
	at org.springframework.boot.loader.Launcher.launch(Launcher.java:87) ~[Lavalink.jar:na]
	at org.springframework.boot.loader.Launcher.launch(Launcher.java:51) ~[Lavalink.jar:na]
	at org.springframework.boot.loader.JarLauncher.main(JarLauncher.java:52) ~[Lavalink.jar:na]

2020-02-04 00:05:23.425 ERROR 7952 --- [main] o.s.b.d.LoggingFailureAnalysisReporter   : 

***************************
APPLICATION FAILED TO START
***************************

Description:

Web server failed to start. Port 8080 was already in use.

Action:

Identify and stop the process that's listening on port 8080 or configure this application to listen on another port.

2020-02-04 00:05:23.434  INFO 7952 --- [main] o.s.s.concurrent.ThreadPoolTaskExecutor  : Shutting down ExecutorService 'applicationTaskExecutor'
2020-02-04 00:05:23.436  INFO 7952 --- [main] c.s.d.l.tools.GarbageCollectionMonitor   : GC monitoring disabled.
2020-02-04 00:05:25.244  INFO 16040 --- [XNIO-1 task-21] l.server.io.HandshakeInterceptorImpl     : Incoming connection from /127.0.0.1:64603
2020-02-04 00:05:25.247  INFO 16040 --- [XNIO-1 task-21] c.s.d.l.tools.GarbageCollectionMonitor   : GC monitoring enabled, reporting results every 2 minutes.
2020-02-04 00:05:25.254  INFO 16040 --- [XNIO-1 task-21] lavalink.server.io.SocketServer          : Connection successfully established from /127.0.0.1:64603
2020-02-04 00:05:38.113  INFO 18784 --- [main] lavalink.server.Launcher                 : 

[32m       .  [31m _                  _ _       _    [32m__ _ _
[32m      /\\ [31m| | __ ___   ____ _| (_)_ __ | | __[32m\ \ \ \
[32m     ( ( )[31m| |/ _` \ \ / / _` | | | '_ \| |/ /[32m \ \ \ \
[32m      \\/ [31m| | (_| |\ V / (_| | | | | | |   < [32m  ) ) ) )
[32m       '  [31m|_|\__,_| \_/ \__,_|_|_|_| |_|_|\_\[32m / / / /
[0m    =========================================[32m/_/_/_/[0m

	Version:        4f53d09491ba5254eb5c55c234a63b208388d3ef-SNAPSHOT
	Build:          965
	Build time:     28.12.2019 17:02:58 UTC
	Branch          master
	Commit:         4f53d09
	Commit time:    28.12.2019 17:00:51 UTC
	JVM:            11.0.5
	Lavaplayer      1.3.32

2020-02-04 00:05:38.221  INFO 18784 --- [main] lavalink.server.Launcher                 : Starting Launcher on Rock with PID 18784 (D:\Source\Computer Programs\Javascript\Discord\Bots\Discord.js (Stable)\Discord Bot (Music Bot)\Lavalink_Build\Lavalink.jar started by Connor in D:\Source\Computer Programs\Javascript\Discord\Bots\Discord.js (Stable)\Discord Bot (Music Bot))
2020-02-04 00:05:38.222  INFO 18784 --- [main] lavalink.server.Launcher                 : No active profile set, falling back to default profiles: default
2020-02-04 00:05:38.360  WARN 18784 --- [background-preinit] o.s.h.c.j.Jackson2ObjectMapperBuilder    : For Jackson Kotlin classes support please add "com.fasterxml.jackson.module:jackson-module-kotlin" to the classpath
2020-02-04 00:05:40.689  WARN 18784 --- [main] io.undertow.websockets.jsr               : UT026010: Buffer pool was not set on WebSocketDeploymentInfo, the default pool will be used
2020-02-04 00:05:40.720  INFO 18784 --- [main] io.undertow.servlet                      : Initializing Spring embedded WebApplicationContext
2020-02-04 00:05:40.720  INFO 18784 --- [main] o.s.web.context.ContextLoader            : Root WebApplicationContext: initialization completed in 2441 ms
2020-02-04 00:05:41.090  WARN 18784 --- [main] l.server.config.SentryConfiguration      : Turning off sentry
2020-02-04 00:05:41.106  INFO 18784 --- [main] l.s.c.AudioSendFactoryConfiguration      : OS: Windows 10, Arch: amd64
2020-02-04 00:05:41.106  INFO 18784 --- [main] l.s.c.AudioSendFactoryConfiguration      : JDA-NAS supported system detected. Enabled native audio sending.
2020-02-04 00:05:41.106  INFO 18784 --- [main] l.s.c.AudioSendFactoryConfiguration      : Setting buffer to 400ms
2020-02-04 00:05:41.106  INFO 18784 --- [main] l.s.c.AudioSendFactoryConfiguration      : Setting playlist load limit to 6
2020-02-04 00:05:41.462  INFO 18784 --- [main] c.s.d.l.tools.GarbageCollectionMonitor   : GC monitoring enabled, reporting results every 2 minutes.
2020-02-04 00:05:41.873  INFO 18784 --- [main] o.s.s.concurrent.ThreadPoolTaskExecutor  : Initializing ExecutorService 'applicationTaskExecutor'
2020-02-04 00:05:42.307  INFO 18784 --- [main] org.xnio                                 : XNIO version 3.3.8.Final
2020-02-04 00:05:42.323  INFO 18784 --- [main] org.xnio.nio                             : XNIO NIO Implementation Version 3.3.8.Final
2020-02-04 00:05:42.414  INFO 18784 --- [main] o.s.b.w.e.u.UndertowServletWebServer     : Undertow started on port(s) 8080 (http) with context path ''
2020-02-04 00:05:42.419  INFO 18784 --- [main] lavalink.server.Launcher                 : Started Launcher in 4.978 seconds (JVM running for 5.622)
2020-02-04 00:06:02.928  INFO 7444 --- [main] lavalink.server.Launcher                 : 

[32m       .  [31m _                  _ _       _    [32m__ _ _
[32m      /\\ [31m| | __ ___   ____ _| (_)_ __ | | __[32m\ \ \ \
[32m     ( ( )[31m| |/ _` \ \ / / _` | | | '_ \| |/ /[32m \ \ \ \
[32m      \\/ [31m| | (_| |\ V / (_| | | | | | |   < [32m  ) ) ) )
[32m       '  [31m|_|\__,_| \_/ \__,_|_|_|_| |_|_|\_\[32m / / / /
[0m    =========================================[32m/_/_/_/[0m

	Version:        4f53d09491ba5254eb5c55c234a63b208388d3ef-SNAPSHOT
	Build:          965
	Build time:     28.12.2019 17:02:58 UTC
	Branch          master
	Commit:         4f53d09
	Commit time:    28.12.2019 17:00:51 UTC
	JVM:            11.0.5
	Lavaplayer      1.3.32

2020-02-04 00:06:03.057  INFO 7444 --- [main] lavalink.server.Launcher                 : Starting Launcher on Rock with PID 7444 (D:\Source\Computer Programs\Javascript\Discord\Bots\Discord.js (Stable)\Discord Bot (Music Bot)\Lavalink_Build\Lavalink.jar started by Connor in D:\Source\Computer Programs\Javascript\Discord\Bots\Discord.js (Stable)\Discord Bot (Music Bot))
2020-02-04 00:06:03.058  INFO 7444 --- [main] lavalink.server.Launcher                 : No active profile set, falling back to default profiles: default
2020-02-04 00:06:03.198  WARN 7444 --- [background-preinit] o.s.h.c.j.Jackson2ObjectMapperBuilder    : For Jackson Kotlin classes support please add "com.fasterxml.jackson.module:jackson-module-kotlin" to the classpath
2020-02-04 00:06:05.635  WARN 7444 --- [main] io.undertow.websockets.jsr               : UT026010: Buffer pool was not set on WebSocketDeploymentInfo, the default pool will be used
2020-02-04 00:06:05.668  INFO 7444 --- [main] io.undertow.servlet                      : Initializing Spring embedded WebApplicationContext
2020-02-04 00:06:05.668  INFO 7444 --- [main] o.s.web.context.ContextLoader            : Root WebApplicationContext: initialization completed in 2549 ms
2020-02-04 00:06:06.078  WARN 7444 --- [main] l.server.config.SentryConfiguration      : Turning off sentry
2020-02-04 00:06:06.092  INFO 7444 --- [main] l.s.c.AudioSendFactoryConfiguration      : OS: Windows 10, Arch: amd64
2020-02-04 00:06:06.092  INFO 7444 --- [main] l.s.c.AudioSendFactoryConfiguration      : JDA-NAS supported system detected. Enabled native audio sending.
2020-02-04 00:06:06.093  INFO 7444 --- [main] l.s.c.AudioSendFactoryConfiguration      : Setting buffer to 400ms
2020-02-04 00:06:06.093  INFO 7444 --- [main] l.s.c.AudioSendFactoryConfiguration      : Setting playlist load limit to 6
2020-02-04 00:06:06.459  INFO 7444 --- [main] c.s.d.l.tools.GarbageCollectionMonitor   : GC monitoring enabled, reporting results every 2 minutes.
2020-02-04 00:06:06.956  INFO 7444 --- [main] o.s.s.concurrent.ThreadPoolTaskExecutor  : Initializing ExecutorService 'applicationTaskExecutor'
2020-02-04 00:06:07.402  INFO 7444 --- [main] org.xnio                                 : XNIO version 3.3.8.Final
2020-02-04 00:06:07.415  INFO 7444 --- [main] org.xnio.nio                             : XNIO NIO Implementation Version 3.3.8.Final
2020-02-04 00:06:07.510  INFO 7444 --- [main] o.s.b.w.e.u.UndertowServletWebServer     : Undertow started on port(s) 8080 (http) with context path ''
2020-02-04 00:06:07.515  INFO 7444 --- [main] lavalink.server.Launcher                 : Started Launcher in 5.198 seconds (JVM running for 5.856)
2020-02-04 00:06:47.777  INFO 21552 --- [main] lavalink.server.Launcher                 : 

[32m       .  [31m _                  _ _       _    [32m__ _ _
[32m      /\\ [31m| | __ ___   ____ _| (_)_ __ | | __[32m\ \ \ \
[32m     ( ( )[31m| |/ _` \ \ / / _` | | | '_ \| |/ /[32m \ \ \ \
[32m      \\/ [31m| | (_| |\ V / (_| | | | | | |   < [32m  ) ) ) )
[32m       '  [31m|_|\__,_| \_/ \__,_|_|_|_| |_|_|\_\[32m / / / /
[0m    =========================================[32m/_/_/_/[0m

	Version:        4f53d09491ba5254eb5c55c234a63b208388d3ef-SNAPSHOT
	Build:          965
	Build time:     28.12.2019 17:02:58 UTC
	Branch          master
	Commit:         4f53d09
	Commit time:    28.12.2019 17:00:51 UTC
	JVM:            11.0.5
	Lavaplayer      1.3.32

2020-02-04 00:06:47.884  INFO 21552 --- [main] lavalink.server.Launcher                 : Starting Launcher on Rock with PID 21552 (D:\Source\Computer Programs\Javascript\Discord\Bots\Discord.js (Stable)\Discord Bot (Music Bot)\Lavalink_Build\Lavalink.jar started by Connor in D:\Source\Computer Programs\Javascript\Discord\Bots\Discord.js (Stable)\Discord Bot (Music Bot))
2020-02-04 00:06:47.885  INFO 21552 --- [main] lavalink.server.Launcher                 : No active profile set, falling back to default profiles: default
2020-02-04 00:06:47.998  WARN 21552 --- [background-preinit] o.s.h.c.j.Jackson2ObjectMapperBuilder    : For Jackson Kotlin classes support please add "com.fasterxml.jackson.module:jackson-module-kotlin" to the classpath
2020-02-04 00:06:50.364  WARN 21552 --- [main] io.undertow.websockets.jsr               : UT026010: Buffer pool was not set on WebSocketDeploymentInfo, the default pool will be used
2020-02-04 00:06:50.395  INFO 21552 --- [main] io.undertow.servlet                      : Initializing Spring embedded WebApplicationContext
2020-02-04 00:06:50.396  INFO 21552 --- [main] o.s.web.context.ContextLoader            : Root WebApplicationContext: initialization completed in 2458 ms
2020-02-04 00:06:50.783  WARN 21552 --- [main] l.server.config.SentryConfiguration      : Turning off sentry
2020-02-04 00:06:50.800  INFO 21552 --- [main] l.s.c.AudioSendFactoryConfiguration      : OS: Windows 10, Arch: amd64
2020-02-04 00:06:50.801  INFO 21552 --- [main] l.s.c.AudioSendFactoryConfiguration      : JDA-NAS supported system detected. Enabled native audio sending.
2020-02-04 00:06:50.801  INFO 21552 --- [main] l.s.c.AudioSendFactoryConfiguration      : Setting buffer to 400ms
2020-02-04 00:06:50.801  INFO 21552 --- [main] l.s.c.AudioSendFactoryConfiguration      : Setting playlist load limit to 6
2020-02-04 00:06:51.131  INFO 21552 --- [main] c.s.d.l.tools.GarbageCollectionMonitor   : GC monitoring enabled, reporting results every 2 minutes.
2020-02-04 00:06:51.546  INFO 21552 --- [main] o.s.s.concurrent.ThreadPoolTaskExecutor  : Initializing ExecutorService 'applicationTaskExecutor'
2020-02-04 00:06:51.977  INFO 21552 --- [main] org.xnio                                 : XNIO version 3.3.8.Final
2020-02-04 00:06:51.993  INFO 21552 --- [main] org.xnio.nio                             : XNIO NIO Implementation Version 3.3.8.Final
2020-02-04 00:06:52.090  INFO 21552 --- [main] o.s.b.w.e.u.UndertowServletWebServer     : Undertow started on port(s) 8080 (http) with context path ''
2020-02-04 00:06:52.096  INFO 21552 --- [main] lavalink.server.Launcher                 : Started Launcher in 4.938 seconds (JVM running for 5.566)
2020-02-04 00:08:38.191  INFO 21452 --- [main] lavalink.server.Launcher                 : 

[32m       .  [31m _                  _ _       _    [32m__ _ _
[32m      /\\ [31m| | __ ___   ____ _| (_)_ __ | | __[32m\ \ \ \
[32m     ( ( )[31m| |/ _` \ \ / / _` | | | '_ \| |/ /[32m \ \ \ \
[32m      \\/ [31m| | (_| |\ V / (_| | | | | | |   < [32m  ) ) ) )
[32m       '  [31m|_|\__,_| \_/ \__,_|_|_|_| |_|_|\_\[32m / / / /
[0m    =========================================[32m/_/_/_/[0m

	Version:        4f53d09491ba5254eb5c55c234a63b208388d3ef-SNAPSHOT
	Build:          965
	Build time:     28.12.2019 17:02:58 UTC
	Branch          master
	Commit:         4f53d09
	Commit time:    28.12.2019 17:00:51 UTC
	JVM:            11.0.5
	Lavaplayer      1.3.32

2020-02-04 00:08:38.311  INFO 21452 --- [main] lavalink.server.Launcher                 : Starting Launcher on Rock with PID 21452 (D:\Source\Computer Programs\Javascript\Discord\Bots\Discord.js (Stable)\Discord Bot (Music Bot)\Lavalink_Build\Lavalink.jar started by Connor in D:\Source\Computer Programs\Javascript\Discord\Bots\Discord.js (Stable)\Discord Bot (Music Bot))
2020-02-04 00:08:38.312  INFO 21452 --- [main] lavalink.server.Launcher                 : No active profile set, falling back to default profiles: default
2020-02-04 00:08:38.459  WARN 21452 --- [background-preinit] o.s.h.c.j.Jackson2ObjectMapperBuilder    : For Jackson Kotlin classes support please add "com.fasterxml.jackson.module:jackson-module-kotlin" to the classpath
2020-02-04 00:08:40.796  WARN 21452 --- [main] io.undertow.websockets.jsr               : UT026010: Buffer pool was not set on WebSocketDeploymentInfo, the default pool will be used
2020-02-04 00:08:40.826  INFO 21452 --- [main] io.undertow.servlet                      : Initializing Spring embedded WebApplicationContext
2020-02-04 00:08:40.826  INFO 21452 --- [main] o.s.web.context.ContextLoader            : Root WebApplicationContext: initialization completed in 2447 ms
2020-02-04 00:08:41.222  WARN 21452 --- [main] l.server.config.SentryConfiguration      : Turning off sentry
2020-02-04 00:08:41.236  INFO 21452 --- [main] l.s.c.AudioSendFactoryConfiguration      : OS: Windows 10, Arch: amd64
2020-02-04 00:08:41.237  INFO 21452 --- [main] l.s.c.AudioSendFactoryConfiguration      : JDA-NAS supported system detected. Enabled native audio sending.
2020-02-04 00:08:41.237  INFO 21452 --- [main] l.s.c.AudioSendFactoryConfiguration      : Setting buffer to 400ms
2020-02-04 00:08:41.237  INFO 21452 --- [main] l.s.c.AudioSendFactoryConfiguration      : Setting playlist load limit to 6
2020-02-04 00:08:41.597  INFO 21452 --- [main] c.s.d.l.tools.GarbageCollectionMonitor   : GC monitoring enabled, reporting results every 2 minutes.
2020-02-04 00:08:42.084  INFO 21452 --- [main] o.s.s.concurrent.ThreadPoolTaskExecutor  : Initializing ExecutorService 'applicationTaskExecutor'
2020-02-04 00:08:42.492  INFO 21452 --- [main] org.xnio                                 : XNIO version 3.3.8.Final
2020-02-04 00:08:42.504  INFO 21452 --- [main] org.xnio.nio                             : XNIO NIO Implementation Version 3.3.8.Final
2020-02-04 00:08:42.577  INFO 21452 --- [main] o.s.b.w.e.u.UndertowServletWebServer     : Undertow started on port(s) 8080 (http) with context path ''
2020-02-04 00:08:42.582  INFO 21452 --- [main] lavalink.server.Launcher                 : Started Launcher in 4.987 seconds (JVM running for 5.668)
2020-02-04 00:09:48.663  INFO 21452 --- [XNIO-1 task-1] io.undertow.servlet                      : Initializing Spring DispatcherServlet 'dispatcherServlet'
2020-02-04 00:09:48.663  INFO 21452 --- [XNIO-1 task-1] o.s.web.servlet.DispatcherServlet        : Initializing Servlet 'dispatcherServlet'
2020-02-04 00:09:48.672  INFO 21452 --- [XNIO-1 task-1] o.s.web.servlet.DispatcherServlet        : Completed initialization in 8 ms
2020-02-04 00:09:48.697  INFO 21452 --- [XNIO-1 task-1] l.server.io.HandshakeInterceptorImpl     : Incoming connection from /127.0.0.1:64779
2020-02-04 00:09:48.785  INFO 21452 --- [XNIO-1 task-1] c.s.d.l.tools.GarbageCollectionMonitor   : GC monitoring enabled, reporting results every 2 minutes.
2020-02-04 00:09:48.867  INFO 21452 --- [XNIO-1 task-1] lavalink.server.io.SocketServer          : Connection successfully established from /127.0.0.1:64779
2020-02-04 00:12:02.324  INFO 3524 --- [main] lavalink.server.Launcher                 : 

[32m       .  [31m _                  _ _       _    [32m__ _ _
[32m      /\\ [31m| | __ ___   ____ _| (_)_ __ | | __[32m\ \ \ \
[32m     ( ( )[31m| |/ _` \ \ / / _` | | | '_ \| |/ /[32m \ \ \ \
[32m      \\/ [31m| | (_| |\ V / (_| | | | | | |   < [32m  ) ) ) )
[32m       '  [31m|_|\__,_| \_/ \__,_|_|_|_| |_|_|\_\[32m / / / /
[0m    =========================================[32m/_/_/_/[0m

	Version:        4f53d09491ba5254eb5c55c234a63b208388d3ef-SNAPSHOT
	Build:          965
	Build time:     28.12.2019 17:02:58 UTC
	Branch          master
	Commit:         4f53d09
	Commit time:    28.12.2019 17:00:51 UTC
	JVM:            11.0.5
	Lavaplayer      1.3.32

2020-02-04 00:12:02.446  INFO 3524 --- [main] lavalink.server.Launcher                 : Starting Launcher on Rock with PID 3524 (D:\Source\Computer Programs\Javascript\Discord\Bots\Discord.js (Stable)\Discord Bot (Music Bot)\Lavalink_Build\Lavalink.jar started by Connor in D:\Source\Computer Programs\Javascript\Discord\Bots\Discord.js (Stable)\Discord Bot (Music Bot))
2020-02-04 00:12:02.447  INFO 3524 --- [main] lavalink.server.Launcher                 : No active profile set, falling back to default profiles: default
2020-02-04 00:12:02.577  WARN 3524 --- [background-preinit] o.s.h.c.j.Jackson2ObjectMapperBuilder    : For Jackson Kotlin classes support please add "com.fasterxml.jackson.module:jackson-module-kotlin" to the classpath
2020-02-04 00:15:13.971  INFO 13568 --- [main] lavalink.server.Launcher                 : 

[32m       .  [31m _                  _ _       _    [32m__ _ _
[32m      /\\ [31m| | __ ___   ____ _| (_)_ __ | | __[32m\ \ \ \
[32m     ( ( )[31m| |/ _` \ \ / / _` | | | '_ \| |/ /[32m \ \ \ \
[32m      \\/ [31m| | (_| |\ V / (_| | | | | | |   < [32m  ) ) ) )
[32m       '  [31m|_|\__,_| \_/ \__,_|_|_|_| |_|_|\_\[32m / / / /
[0m    =========================================[32m/_/_/_/[0m

	Version:        4f53d09491ba5254eb5c55c234a63b208388d3ef-SNAPSHOT
	Build:          965
	Build time:     28.12.2019 17:02:58 UTC
	Branch          master
	Commit:         4f53d09
	Commit time:    28.12.2019 17:00:51 UTC
	JVM:            11.0.5
	Lavaplayer      1.3.32

2020-02-04 00:15:14.090  INFO 13568 --- [main] lavalink.server.Launcher                 : Starting Launcher on Rock with PID 13568 (D:\Source\Computer Programs\Javascript\Discord\Bots\Discord.js (Stable)\Discord Bot (Music Bot)\Lavalink_Build\Lavalink.jar started by Connor in D:\Source\Computer Programs\Javascript\Discord\Bots\Discord.js (Stable)\Discord Bot (Music Bot))
2020-02-04 00:15:14.091  INFO 13568 --- [main] lavalink.server.Launcher                 : No active profile set, falling back to default profiles: default
2020-02-04 00:15:14.205  WARN 13568 --- [background-preinit] o.s.h.c.j.Jackson2ObjectMapperBuilder    : For Jackson Kotlin classes support please add "com.fasterxml.jackson.module:jackson-module-kotlin" to the classpath
2020-02-04 00:15:16.726  WARN 13568 --- [main] io.undertow.websockets.jsr               : UT026010: Buffer pool was not set on WebSocketDeploymentInfo, the default pool will be used
2020-02-04 00:15:16.758  INFO 13568 --- [main] io.undertow.servlet                      : Initializing Spring embedded WebApplicationContext
2020-02-04 00:15:16.758  INFO 13568 --- [main] o.s.web.context.ContextLoader            : Root WebApplicationContext: initialization completed in 2610 ms
2020-02-04 00:15:17.225  WARN 13568 --- [main] l.server.config.SentryConfiguration      : Turning off sentry
2020-02-04 00:15:17.246  INFO 13568 --- [main] l.s.c.AudioSendFactoryConfiguration      : OS: Windows 10, Arch: amd64
2020-02-04 00:15:17.246  INFO 13568 --- [main] l.s.c.AudioSendFactoryConfiguration      : JDA-NAS supported system detected. Enabled native audio sending.
2020-02-04 00:15:17.247  INFO 13568 --- [main] l.s.c.AudioSendFactoryConfiguration      : Setting buffer to 400ms
2020-02-04 00:15:17.247  INFO 13568 --- [main] l.s.c.AudioSendFactoryConfiguration      : Setting playlist load limit to 6
2020-02-04 00:15:17.664  INFO 13568 --- [main] c.s.d.l.tools.GarbageCollectionMonitor   : GC monitoring enabled, reporting results every 2 minutes.
2020-02-04 00:15:18.142  INFO 13568 --- [main] o.s.s.concurrent.ThreadPoolTaskExecutor  : Initializing ExecutorService 'applicationTaskExecutor'
2020-02-04 00:15:18.582  INFO 13568 --- [main] org.xnio                                 : XNIO version 3.3.8.Final
2020-02-04 00:15:18.600  INFO 13568 --- [main] org.xnio.nio                             : XNIO NIO Implementation Version 3.3.8.Final
2020-02-04 00:15:18.695  INFO 13568 --- [main] o.s.b.w.e.u.UndertowServletWebServer     : Undertow started on port(s) 8080 (http) with context path ''
2020-02-04 00:15:18.702  INFO 13568 --- [main] lavalink.server.Launcher                 : Started Launcher in 5.358 seconds (JVM running for 6.022)
2020-02-04 00:15:39.089  INFO 10092 --- [main] lavalink.server.Launcher                 : 

[32m       .  [31m _                  _ _       _    [32m__ _ _
[32m      /\\ [31m| | __ ___   ____ _| (_)_ __ | | __[32m\ \ \ \
[32m     ( ( )[31m| |/ _` \ \ / / _` | | | '_ \| |/ /[32m \ \ \ \
[32m      \\/ [31m| | (_| |\ V / (_| | | | | | |   < [32m  ) ) ) )
[32m       '  [31m|_|\__,_| \_/ \__,_|_|_|_| |_|_|\_\[32m / / / /
[0m    =========================================[32m/_/_/_/[0m

	Version:        4f53d09491ba5254eb5c55c234a63b208388d3ef-SNAPSHOT
	Build:          965
	Build time:     28.12.2019 17:02:58 UTC
	Branch          master
	Commit:         4f53d09
	Commit time:    28.12.2019 17:00:51 UTC
	JVM:            11.0.5
	Lavaplayer      1.3.32

2020-02-04 00:15:39.201  INFO 10092 --- [main] lavalink.server.Launcher                 : Starting Launcher on Rock with PID 10092 (D:\Source\Computer Programs\Javascript\Discord\Bots\Discord.js (Stable)\Discord Bot (Music Bot)\Lavalink_Build\Lavalink.jar started by Connor in D:\Source\Computer Programs\Javascript\Discord\Bots\Discord.js (Stable)\Discord Bot (Music Bot))
2020-02-04 00:15:39.202  INFO 10092 --- [main] lavalink.server.Launcher                 : No active profile set, falling back to default profiles: default
2020-02-04 00:15:39.315  WARN 10092 --- [background-preinit] o.s.h.c.j.Jackson2ObjectMapperBuilder    : For Jackson Kotlin classes support please add "com.fasterxml.jackson.module:jackson-module-kotlin" to the classpath
2020-02-04 00:15:39.708  INFO 13568 --- [XNIO-1 task-1] io.undertow.servlet                      : Initializing Spring DispatcherServlet 'dispatcherServlet'
2020-02-04 00:15:39.710  INFO 13568 --- [XNIO-1 task-1] o.s.web.servlet.DispatcherServlet        : Initializing Servlet 'dispatcherServlet'
2020-02-04 00:15:39.721  INFO 13568 --- [XNIO-1 task-1] o.s.web.servlet.DispatcherServlet        : Completed initialization in 10 ms
2020-02-04 00:15:39.755  INFO 13568 --- [XNIO-1 task-1] l.server.io.HandshakeInterceptorImpl     : Incoming connection from /127.0.0.1:64921
2020-02-04 00:15:39.867  INFO 13568 --- [XNIO-1 task-1] c.s.d.l.tools.GarbageCollectionMonitor   : GC monitoring enabled, reporting results every 2 minutes.
2020-02-04 00:15:40.021  INFO 13568 --- [XNIO-1 task-1] lavalink.server.io.SocketServer          : Connection successfully established from /127.0.0.1:64921
2020-02-04 00:15:42.304  WARN 10092 --- [main] io.undertow.websockets.jsr               : UT026010: Buffer pool was not set on WebSocketDeploymentInfo, the default pool will be used
2020-02-04 00:15:42.337  INFO 10092 --- [main] io.undertow.servlet                      : Initializing Spring embedded WebApplicationContext
2020-02-04 00:15:42.338  INFO 10092 --- [main] o.s.web.context.ContextLoader            : Root WebApplicationContext: initialization completed in 3079 ms
2020-02-04 00:15:42.822  WARN 10092 --- [main] l.server.config.SentryConfiguration      : Turning off sentry
2020-02-04 00:15:42.841  INFO 10092 --- [main] l.s.c.AudioSendFactoryConfiguration      : OS: Windows 10, Arch: amd64
2020-02-04 00:15:42.842  INFO 10092 --- [main] l.s.c.AudioSendFactoryConfiguration      : JDA-NAS supported system detected. Enabled native audio sending.
2020-02-04 00:15:42.842  INFO 10092 --- [main] l.s.c.AudioSendFactoryConfiguration      : Setting buffer to 400ms
2020-02-04 00:15:42.843  INFO 10092 --- [main] l.s.c.AudioSendFactoryConfiguration      : Setting playlist load limit to 6
2020-02-04 00:15:43.258  INFO 10092 --- [main] c.s.d.l.tools.GarbageCollectionMonitor   : GC monitoring enabled, reporting results every 2 minutes.
2020-02-04 00:15:43.742  INFO 10092 --- [main] o.s.s.concurrent.ThreadPoolTaskExecutor  : Initializing ExecutorService 'applicationTaskExecutor'
2020-02-04 00:15:44.156  INFO 10092 --- [main] org.xnio                                 : XNIO version 3.3.8.Final
2020-02-04 00:15:44.169  INFO 10092 --- [main] org.xnio.nio                             : XNIO NIO Implementation Version 3.3.8.Final
2020-02-04 00:15:44.252  INFO 10092 --- [main] ConditionEvaluationReportLoggingListener : 

Error starting ApplicationContext. To display the conditions report re-run your application with 'debug' enabled.
2020-02-04 00:15:44.257 ERROR 10092 --- [main] lavalink.server.Launcher                 : Application failed

org.springframework.boot.web.server.PortInUseException: Port 8080 is already in use
	at org.springframework.boot.web.embedded.undertow.UndertowServletWebServer.start(UndertowServletWebServer.java:154) ~[spring-boot-2.1.8.RELEASE.jar!/:2.1.8.RELEASE]
	at org.springframework.boot.web.servlet.context.ServletWebServerApplicationContext.startWebServer(ServletWebServerApplicationContext.java:297) ~[spring-boot-2.1.8.RELEASE.jar!/:2.1.8.RELEASE]
	at org.springframework.boot.web.servlet.context.ServletWebServerApplicationContext.finishRefresh(ServletWebServerApplicationContext.java:163) ~[spring-boot-2.1.8.RELEASE.jar!/:2.1.8.RELEASE]
	at org.springframework.context.support.AbstractApplicationContext.refresh(AbstractApplicationContext.java:552) ~[spring-context-5.1.9.RELEASE.jar!/:5.1.9.RELEASE]
	at org.springframework.boot.web.servlet.context.ServletWebServerApplicationContext.refresh(ServletWebServerApplicationContext.java:141) ~[spring-boot-2.1.8.RELEASE.jar!/:2.1.8.RELEASE]
	at org.springframework.boot.SpringApplication.refresh(SpringApplication.java:744) ~[spring-boot-2.1.8.RELEASE.jar!/:2.1.8.RELEASE]
	at org.springframework.boot.SpringApplication.refreshContext(SpringApplication.java:391) ~[spring-boot-2.1.8.RELEASE.jar!/:2.1.8.RELEASE]
	at org.springframework.boot.SpringApplication.run(SpringApplication.java:312) ~[spring-boot-2.1.8.RELEASE.jar!/:2.1.8.RELEASE]
	at lavalink.server.Launcher.main(Launcher.kt:127) ~[classes!/:na]
	at java.base/jdk.internal.reflect.NativeMethodAccessorImpl.invoke0(Native Method) ~[na:na]
	at java.base/jdk.internal.reflect.NativeMethodAccessorImpl.invoke(NativeMethodAccessorImpl.java:62) ~[na:na]
	at java.base/jdk.internal.reflect.DelegatingMethodAccessorImpl.invoke(DelegatingMethodAccessorImpl.java:43) ~[na:na]
	at java.base/java.lang.reflect.Method.invoke(Method.java:566) ~[na:na]
	at org.springframework.boot.loader.MainMethodRunner.run(MainMethodRunner.java:48) ~[Lavalink.jar:na]
	at org.springframework.boot.loader.Launcher.launch(Launcher.java:87) ~[Lavalink.jar:na]
	at org.springframework.boot.loader.Launcher.launch(Launcher.java:51) ~[Lavalink.jar:na]
	at org.springframework.boot.loader.JarLauncher.main(JarLauncher.java:52) ~[Lavalink.jar:na]

2020-02-04 00:15:44.259 ERROR 10092 --- [main] o.s.b.d.LoggingFailureAnalysisReporter   : 

***************************
APPLICATION FAILED TO START
***************************

Description:

Web server failed to start. Port 8080 was already in use.

Action:

Identify and stop the process that's listening on port 8080 or configure this application to listen on another port.

2020-02-04 00:15:44.264  INFO 10092 --- [main] o.s.s.concurrent.ThreadPoolTaskExecutor  : Shutting down ExecutorService 'applicationTaskExecutor'
2020-02-04 00:15:44.265  INFO 10092 --- [main] c.s.d.l.tools.GarbageCollectionMonitor   : GC monitoring disabled.
2020-02-04 00:16:57.571  INFO 13568 --- [XNIO-1 task-2] l.server.player.AudioLoaderRestHandler   : GET /loadtracks
2020-02-04 00:16:58.774  INFO 13568 --- [lava-daemon-pool-info-loader-2-thread-1] lavalink.server.player.AudioLoader       : Loaded playlist Search results for: Nightcore - Xanax - (Lyrics)
2020-02-04 00:16:58.838  INFO 13568 --- [XNIO-1 I/O-2] lavalink.server.io.SocketServer          : {"op":"play","guildId":"639956040565129227","track":"QAAAewIAHE5pZ2h0Y29yZSAtIFhhbmF4IC0gKEx5cmljcykABVNpbm9uAAAAAAACo8gAC0dqZEpaWnVfVVRRAAEAK2h0dHBzOi8vd3d3LnlvdXR1YmUuY29tL3dhdGNoP3Y9R2pkSlpadV9VVFEAB3lvdXR1YmUAAAAAAAAAAA=="}
2020-02-04 00:16:59.119  INFO 13568 --- [XNIO-1 I/O-2] lavalink.server.io.SocketServer          : {"op":"voiceUpdate","guildId":"639956040565129227","sessionId":"2eb1c107eda7911216b37f2c84555f98","event":{"token":"b2d0a8057aa47b73","guild_id":"639956040565129227","endpoint":"eu-central536.discord.media:80"}}
2020-02-04 00:17:20.017  INFO 13568 --- [XNIO-1 I/O-2] lavalink.server.io.SocketServer          : Connection closed from /127.0.0.1:64921 -- CloseStatus[code=1006, reason=]
2020-02-04 00:17:20.018  INFO 13568 --- [XNIO-1 I/O-2] lavalink.server.io.SocketContext         : Shutting down 1 playing players.
2020-02-04 00:17:20.019  INFO 13568 --- [XNIO-1 I/O-2] c.s.d.l.tools.GarbageCollectionMonitor   : GC monitoring disabled.
2020-02-04 00:17:20.032  WARN 13568 --- [lava-daemon-pool-playback-5-thread-1] c.s.d.l.t.p.LocalAudioTrackExecutor      : Suspicious exception for playback of GjdJZZu_UTQ

com.sedmelluq.discord.lavaplayer.tools.FriendlyException: The track was unexpectedly terminated.
	at com.sedmelluq.discord.lavaplayer.track.playback.LocalAudioTrackExecutor.handlePlaybackInterrupt(LocalAudioTrackExecutor.java:334) ~[lavaplayer-1.3.32.jar!/:na]
	at com.sedmelluq.discord.lavaplayer.track.playback.LocalAudioTrackExecutor.executeProcessingLoop(LocalAudioTrackExecutor.java:278) ~[lavaplayer-1.3.32.jar!/:na]
	at com.sedmelluq.discord.lavaplayer.track.playback.LocalAudioTrackExecutor.executeProcessingLoop(LocalAudioTrackExecutor.java:236) ~[lavaplayer-1.3.32.jar!/:na]
	at com.sedmelluq.discord.lavaplayer.container.matroska.MatroskaAudioTrack.process(MatroskaAudioTrack.java:39) ~[lavaplayer-1.3.32.jar!/:na]
	at com.sedmelluq.discord.lavaplayer.track.DelegatedAudioTrack.processDelegate(DelegatedAudioTrack.java:25) ~[lavaplayer-1.3.32.jar!/:na]
	at com.sedmelluq.discord.lavaplayer.source.youtube.YoutubeAudioTrack.processStatic(YoutubeAudioTrack.java:57) ~[lavaplayer-1.3.32.jar!/:na]
	at com.sedmelluq.discord.lavaplayer.source.youtube.YoutubeAudioTrack.process(YoutubeAudioTrack.java:49) ~[lavaplayer-1.3.32.jar!/:na]
	at com.sedmelluq.discord.lavaplayer.track.playback.LocalAudioTrackExecutor.execute(LocalAudioTrackExecutor.java:91) ~[lavaplayer-1.3.32.jar!/:na]
	at com.sedmelluq.discord.lavaplayer.player.DefaultAudioPlayerManager.lambda$executeTrack$1(DefaultAudioPlayerManager.java:349) ~[lavaplayer-1.3.32.jar!/:na]
	at java.base/java.util.concurrent.ThreadPoolExecutor.runWorker(ThreadPoolExecutor.java:1128) ~[na:na]
	at java.base/java.util.concurrent.ThreadPoolExecutor$Worker.run(ThreadPoolExecutor.java:628) ~[na:na]
	at java.base/java.lang.Thread.run(Thread.java:834) ~[na:na]
Caused by: java.lang.InterruptedException: null
	at java.base/java.util.concurrent.locks.AbstractQueuedSynchronizer$ConditionObject.reportInterruptAfterWait(AbstractQueuedSynchronizer.java:2056) ~[na:na]
	at java.base/java.util.concurrent.locks.AbstractQueuedSynchronizer$ConditionObject.await(AbstractQueuedSynchronizer.java:2090) ~[na:na]
	at java.base/java.util.concurrent.ArrayBlockingQueue.put(ArrayBlockingQueue.java:367) ~[na:na]
	at com.sedmelluq.discord.lavaplayer.track.playback.AllocatingAudioFrameBuffer.consume(AllocatingAudioFrameBuffer.java:179) ~[lavaplayer-1.3.32.jar!/:na]
	at com.sedmelluq.discord.lavaplayer.container.common.OpusPacketRouter.passThrough(OpusPacketRouter.java:169) ~[lavaplayer-1.3.32.jar!/:na]
	at com.sedmelluq.discord.lavaplayer.container.common.OpusPacketRouter.process(OpusPacketRouter.java:99) ~[lavaplayer-1.3.32.jar!/:na]
	at com.sedmelluq.discord.lavaplayer.container.matroska.MatroskaOpusTrackConsumer.consume(MatroskaOpusTrackConsumer.java:47) ~[lavaplayer-1.3.32.jar!/:na]
	at com.sedmelluq.discord.lavaplayer.container.matroska.MatroskaStreamingFile.processFrameInBlock(MatroskaStreamingFile.java:372) ~[lavaplayer-1.3.32.jar!/:na]
	at com.sedmelluq.discord.lavaplayer.container.matroska.MatroskaStreamingFile.parseClusterSimpleBlock(MatroskaStreamingFile.java:336) ~[lavaplayer-1.3.32.jar!/:na]
	at com.sedmelluq.discord.lavaplayer.container.matroska.MatroskaStreamingFile.parseNextCluster(MatroskaStreamingFile.java:321) ~[lavaplayer-1.3.32.jar!/:na]
	at com.sedmelluq.discord.lavaplayer.container.matroska.MatroskaStreamingFile.provideFrames(MatroskaStreamingFile.java:297) ~[lavaplayer-1.3.32.jar!/:na]
	at com.sedmelluq.discord.lavaplayer.container.matroska.MatroskaAudioTrack.lambda$process$0(MatroskaAudioTrack.java:40) ~[lavaplayer-1.3.32.jar!/:na]
	at com.sedmelluq.discord.lavaplayer.track.playback.LocalAudioTrackExecutor.executeProcessingLoop(LocalAudioTrackExecutor.java:262) ~[lavaplayer-1.3.32.jar!/:na]
	... 10 common frames omitted

